<?xml version="1.0" encoding="utf-8"?><testsuites name="pytest tests"><testsuite name="pytest" errors="0" failures="0" skipped="0" tests="26" time="21.494" timestamp="2026-02-02T17:01:48.919115+00:00" hostname="agent-env-d132e0e2-663d-4ef3-871d-05c6a4638748"><testcase classname="backend.tests.test_neonpub_bugfixes.TestReactionLimit" name="test_01_setup_pub_and_users" time="2.261" /><testcase classname="backend.tests.test_neonpub_bugfixes.TestReactionLimit" name="test_02_create_and_start_performance" time="1.465" /><testcase classname="backend.tests.test_neonpub_bugfixes.TestReactionLimit" name="test_03_get_remaining_reactions_initial" time="0.347" /><testcase classname="backend.tests.test_neonpub_bugfixes.TestReactionLimit" name="test_04_send_first_reaction" time="0.451" /><testcase classname="backend.tests.test_neonpub_bugfixes.TestReactionLimit" name="test_05_send_second_reaction" time="0.344" /><testcase classname="backend.tests.test_neonpub_bugfixes.TestReactionLimit" name="test_06_send_third_reaction" time="0.345" /><testcase classname="backend.tests.test_neonpub_bugfixes.TestReactionLimit" name="test_07_send_fourth_reaction_should_fail" time="0.469" /><testcase classname="backend.tests.test_neonpub_bugfixes.TestReactionLimit" name="test_08_verify_remaining_is_zero" time="0.342" /><testcase classname="backend.tests.test_neonpub_bugfixes.TestFinishPerformanceNoVoting" name="test_01_setup_pub_and_performance" time="3.354" /><testcase classname="backend.tests.test_neonpub_bugfixes.TestFinishPerformanceNoVoting" name="test_02_finish_without_voting" time="0.355" /><testcase classname="backend.tests.test_neonpub_bugfixes.TestFinishPerformanceNoVoting" name="test_03_verify_performance_completed_no_voting" time="0.343" /><testcase classname="backend.tests.test_neonpub_bugfixes.TestQuizMultiQuestion" name="test_01_setup_pub" time="1.814" /><testcase classname="backend.tests.test_neonpub_bugfixes.TestQuizMultiQuestion" name="test_02_start_quiz_session" time="0.450" /><testcase classname="backend.tests.test_neonpub_bugfixes.TestQuizMultiQuestion" name="test_03_answer_first_question" time="0.450" /><testcase classname="backend.tests.test_neonpub_bugfixes.TestQuizMultiQuestion" name="test_04_next_question" time="0.449" /><testcase classname="backend.tests.test_neonpub_bugfixes.TestQuizMultiQuestion" name="test_05_answer_second_question" time="0.674" /><testcase classname="backend.tests.test_neonpub_bugfixes.TestQuizMultiQuestion" name="test_06_next_to_third_question" time="0.350" /><testcase classname="backend.tests.test_neonpub_bugfixes.TestQuizMultiQuestion" name="test_07_answer_third_question" time="0.342" /><testcase classname="backend.tests.test_neonpub_bugfixes.TestQuizMultiQuestion" name="test_08_next_should_end_session" time="0.447" /><testcase classname="backend.tests.test_neonpub_bugfixes.TestVotingFlow" name="test_01_setup_voting_test" time="2.159" /><testcase classname="backend.tests.test_neonpub_bugfixes.TestVotingFlow" name="test_02_create_and_start_performance" time="1.718" /><testcase classname="backend.tests.test_neonpub_bugfixes.TestVotingFlow" name="test_03_verify_voting_not_open_initially" time="0.346" /><testcase classname="backend.tests.test_neonpub_bugfixes.TestVotingFlow" name="test_04_open_voting" time="0.669" /><testcase classname="backend.tests.test_neonpub_bugfixes.TestVotingFlow" name="test_05_verify_voting_open_true" time="0.657" /><testcase classname="backend.tests.test_neonpub_bugfixes.TestVotingFlow" name="test_06_submit_vote" time="0.347" /><testcase classname="backend.tests.test_neonpub_bugfixes.TestVotingFlow" name="test_07_performer_cannot_vote_self" time="0.449" /></testsuite></testsuites>