<?xml version="1.0" encoding="utf-8"?><testsuites name="pytest tests"><testsuite name="pytest" errors="0" failures="0" skipped="0" tests="5" time="20.615" timestamp="2026-02-02T17:32:17.386788+00:00" hostname="agent-env-d132e0e2-663d-4ef3-871d-05c6a4638748"><testcase classname="backend.tests.test_critical_bugfixes.TestYouTubeSearch" name="test_youtube_search_requires_admin" time="1.830" /><testcase classname="backend.tests.test_critical_bugfixes.TestYouTubeSearch" name="test_youtube_search_with_admin" time="1.615" /><testcase classname="backend.tests.test_critical_bugfixes.TestVotingFlow" name="test_voting_flow_complete" time="6.022" /><testcase classname="backend.tests.test_critical_bugfixes.TestQuizMultiQuestion" name="test_quiz_session_flow" time="6.681" /><testcase classname="backend.tests.test_critical_bugfixes.TestFinishWithoutVoting" name="test_finish_no_voting" time="4.392" /></testsuite></testsuites>