<?xml version="1.0" encoding="utf-8"?><testsuites name="pytest tests"><testsuite name="pytest" errors="0" failures="0" skipped="0" tests="33" time="17.247" timestamp="2026-02-02T16:23:18.931401+00:00" hostname="agent-env-d132e0e2-663d-4ef3-871d-05c6a4638748"><testcase classname="backend.tests.test_neonpub_api.TestNeonPubAPI" name="test_01_root_endpoint" time="0.790" /><testcase classname="backend.tests.test_neonpub_api.TestNeonPubAPI" name="test_02_create_pub" time="0.679" /><testcase classname="backend.tests.test_neonpub_api.TestNeonPubAPI" name="test_03_get_pub" time="0.351" /><testcase classname="backend.tests.test_neonpub_api.TestNeonPubAPI" name="test_04_client_join" time="0.344" /><testcase classname="backend.tests.test_neonpub_api.TestNeonPubAPI" name="test_05_admin_login" time="0.565" /><testcase classname="backend.tests.test_neonpub_api.TestNeonPubAPI" name="test_06_auth_me" time="0.344" /><testcase classname="backend.tests.test_neonpub_api.TestNeonPubAPI" name="test_07_song_request" time="0.770" /><testcase classname="backend.tests.test_neonpub_api.TestNeonPubAPI" name="test_08_get_song_queue" time="0.453" /><testcase classname="backend.tests.test_neonpub_api.TestNeonPubAPI" name="test_09_get_my_requests" time="0.341" /><testcase classname="backend.tests.test_neonpub_api.TestNeonPubAPI" name="test_10_admin_approve_request" time="0.343" /><testcase classname="backend.tests.test_neonpub_api.TestNeonPubAPI" name="test_11_admin_reject_request" time="0.810" /><testcase classname="backend.tests.test_neonpub_api.TestNeonPubAPI" name="test_12_start_performance" time="0.775" /><testcase classname="backend.tests.test_neonpub_api.TestNeonPubAPI" name="test_13_get_current_performance" time="0.341" /><testcase classname="backend.tests.test_neonpub_api.TestNeonPubAPI" name="test_14_pause_performance" time="0.341" /><testcase classname="backend.tests.test_neonpub_api.TestNeonPubAPI" name="test_15_resume_performance" time="0.344" /><testcase classname="backend.tests.test_neonpub_api.TestNeonPubAPI" name="test_16_restart_performance" time="0.451" /><testcase classname="backend.tests.test_neonpub_api.TestNeonPubAPI" name="test_17_open_voting" time="0.668" /><testcase classname="backend.tests.test_neonpub_api.TestNeonPubAPI" name="test_18_send_reaction" time="0.341" /><testcase classname="backend.tests.test_neonpub_api.TestNeonPubAPI" name="test_19_end_performance" time="0.450" /><testcase classname="backend.tests.test_neonpub_api.TestNeonPubAPI" name="test_20_quiz_categories" time="0.443" /><testcase classname="backend.tests.test_neonpub_api.TestNeonPubAPI" name="test_21_start_preset_quiz" time="0.656" /><testcase classname="backend.tests.test_neonpub_api.TestNeonPubAPI" name="test_22_get_active_quiz" time="0.681" /><testcase classname="backend.tests.test_neonpub_api.TestNeonPubAPI" name="test_23_answer_quiz" time="0.343" /><testcase classname="backend.tests.test_neonpub_api.TestNeonPubAPI" name="test_24_end_quiz" time="0.345" /><testcase classname="backend.tests.test_neonpub_api.TestNeonPubAPI" name="test_25_get_leaderboard" time="0.344" /><testcase classname="backend.tests.test_neonpub_api.TestNeonPubAPI" name="test_26_send_message" time="0.664" /><testcase classname="backend.tests.test_neonpub_api.TestNeonPubAPI" name="test_27_get_pending_messages" time="0.340" /><testcase classname="backend.tests.test_neonpub_api.TestNeonPubAPI" name="test_28_approve_message" time="0.660" /><testcase classname="backend.tests.test_neonpub_api.TestNeonPubAPI" name="test_29_send_effect" time="0.343" /><testcase classname="backend.tests.test_neonpub_api.TestNeonPubAPI" name="test_30_close_voting" time="0.343" /><testcase classname="backend.tests.test_neonpub_api.TestNeonPubAPI" name="test_31_get_display_data" time="0.339" /><testcase classname="backend.tests.test_neonpub_api.TestNeonPubAPI" name="test_32_performance_history" time="0.779" /><testcase classname="backend.tests.test_neonpub_api.TestWebSocketEndpoint" name="test_websocket_endpoint_exists" time="1.371" /></testsuite></testsuites>